0 info it worked if it ends with ok
1 verbose cli [ '/usr/local/bin/node',
1 verbose cli   '/usr/local/bin/npm',
1 verbose cli   'install',
1 verbose cli   '--global',
1 verbose cli   'gulp-contact' ]
2 info using npm@1.4.28
3 info using node@v0.10.35
4 verbose cache add [ 'gulp-contact', null ]
5 verbose cache add name=undefined spec="gulp-contact" args=["gulp-contact",null]
6 verbose parsed url { protocol: null,
6 verbose parsed url   slashes: null,
6 verbose parsed url   auth: null,
6 verbose parsed url   host: null,
6 verbose parsed url   port: null,
6 verbose parsed url   hostname: null,
6 verbose parsed url   hash: null,
6 verbose parsed url   search: null,
6 verbose parsed url   query: null,
6 verbose parsed url   pathname: 'gulp-contact',
6 verbose parsed url   path: 'gulp-contact',
6 verbose parsed url   href: 'gulp-contact' }
7 silly lockFile e38c1199-gulp-contact gulp-contact
8 verbose lock gulp-contact /home/shyn/.npm/e38c1199-gulp-contact.lock
9 silly lockFile e38c1199-gulp-contact gulp-contact
10 silly lockFile e38c1199-gulp-contact gulp-contact
11 verbose addNamed [ 'gulp-contact', '' ]
12 verbose addNamed [ null, '*' ]
13 silly lockFile 77998449-gulp-contact gulp-contact@
14 verbose lock gulp-contact@ /home/shyn/.npm/77998449-gulp-contact.lock
15 silly addNameRange { name: 'gulp-contact', range: '*', hasData: false }
16 verbose request where is /gulp-contact
17 verbose request registry https://registry.npmjs.org/
18 verbose request id d4eb53b096be4d9c
19 verbose url raw /gulp-contact
20 verbose url resolving [ 'https://registry.npmjs.org/', './gulp-contact' ]
21 verbose url resolved https://registry.npmjs.org/gulp-contact
22 verbose request where is https://registry.npmjs.org/gulp-contact
23 info trying registry request attempt 1 at 17:31:02
24 http GET https://registry.npmjs.org/gulp-contact
25 http 404 https://registry.npmjs.org/gulp-contact
26 verbose headers { date: 'Wed, 25 Feb 2015 17:31:02 GMT',
26 verbose headers   server: 'CouchDB/1.5.0 (Erlang OTP/R16B03)',
26 verbose headers   'content-type': 'application/json',
26 verbose headers   'cache-control': 'max-age=0',
26 verbose headers   'content-length': '52',
26 verbose headers   'accept-ranges': 'bytes',
26 verbose headers   via: '1.1 varnish',
26 verbose headers   age: '0',
26 verbose headers   'x-served-by': 'cache-fra1240-FRA',
26 verbose headers   'x-cache': 'MISS',
26 verbose headers   'x-cache-hits': '0',
26 verbose headers   'x-timer': 'S1424885462.623605,VS0,VE175',
26 verbose headers   'keep-alive': 'timeout=10, max=50',
26 verbose headers   connection: 'Keep-Alive' }
27 silly registry.get cb [ 404,
27 silly registry.get   { date: 'Wed, 25 Feb 2015 17:31:02 GMT',
27 silly registry.get     server: 'CouchDB/1.5.0 (Erlang OTP/R16B03)',
27 silly registry.get     'content-type': 'application/json',
27 silly registry.get     'cache-control': 'max-age=0',
27 silly registry.get     'content-length': '52',
27 silly registry.get     'accept-ranges': 'bytes',
27 silly registry.get     via: '1.1 varnish',
27 silly registry.get     age: '0',
27 silly registry.get     'x-served-by': 'cache-fra1240-FRA',
27 silly registry.get     'x-cache': 'MISS',
27 silly registry.get     'x-cache-hits': '0',
27 silly registry.get     'x-timer': 'S1424885462.623605,VS0,VE175',
27 silly registry.get     'keep-alive': 'timeout=10, max=50',
27 silly registry.get     connection: 'Keep-Alive' } ]
28 silly lockFile 77998449-gulp-contact gulp-contact@
29 silly lockFile 77998449-gulp-contact gulp-contact@
30 error 404 404 Not Found: gulp-contact
30 error 404
30 error 404 'gulp-contact' is not in the npm registry.
30 error 404 You should bug the author to publish it
30 error 404
30 error 404 Note that you can also install from a
30 error 404 tarball, folder, or http url, or git url.
31 error System Linux 3.13.0-24-generic
32 error command "/usr/local/bin/node" "/usr/local/bin/npm" "install" "--global" "gulp-contact"
33 error cwd /home/shyn/Documentos/Informática/Procesadores de Lenguajes/PL_P1
34 error node -v v0.10.35
35 error npm -v 1.4.28
36 error code E404
37 verbose exit [ 1, true ]
